warning: profiles for the non root package will be ignored, specify profiles at the workspace root:
package:   /mnt/weed/mount/wangzi-asus/wangzi/workspace/waylandcompositor/dway/dway/Cargo.toml
workspace: /mnt/weed/mount/wangzi-asus/wangzi/workspace/waylandcompositor/dway/Cargo.toml
warning: profiles for the non root package will be ignored, specify profiles at the workspace root:
package:   /mnt/weed/mount/wangzi-asus/wangzi/workspace/waylandcompositor/dway/dway-client-core/Cargo.toml
workspace: /mnt/weed/mount/wangzi-asus/wangzi/workspace/waylandcompositor/dway/Cargo.toml
warning: profiles for the non root package will be ignored, specify profiles at the workspace root:
package:   /mnt/weed/mount/wangzi-asus/wangzi/workspace/waylandcompositor/dway/dway-server/Cargo.toml
workspace: /mnt/weed/mount/wangzi-asus/wangzi/workspace/waylandcompositor/dway/Cargo.toml
warning: profiles for the non root package will be ignored, specify profiles at the workspace root:
package:   /mnt/weed/mount/wangzi-asus/wangzi/workspace/waylandcompositor/dway/dway-ui/Cargo.toml
workspace: /mnt/weed/mount/wangzi-asus/wangzi/workspace/waylandcompositor/dway/Cargo.toml
warning: /mnt/weed/mount/wangzi-asus/wangzi/workspace/waylandcompositor/dway/dway/Cargo.toml: dependency (serde) specified without providing a local path, Git repository, version, or workspace dependency to use. This will be considered an error in future versions
warning: /mnt/weed/mount/wangzi-asus/wangzi/workspace/waylandcompositor/dway/dway-util/Cargo.toml: dependency (bevy_math) specified without providing a local path, Git repository, version, or workspace dependency to use. This will be considered an error in future versions
warning: /mnt/weed/mount/wangzi-asus/wangzi/workspace/waylandcompositor/dway/dway-util/Cargo.toml: dependency (failure) specified without providing a local path, Git repository, version, or workspace dependency to use. This will be considered an error in future versions
warning: /mnt/weed/mount/wangzi-asus/wangzi/workspace/waylandcompositor/dway/dway-util/Cargo.toml: dependency (lazy_static) specified without providing a local path, Git repository, version, or workspace dependency to use. This will be considered an error in future versions
warning: /mnt/weed/mount/wangzi-asus/wangzi/workspace/waylandcompositor/dway/dway-util/Cargo.toml: dependency (log) specified without providing a local path, Git repository, version, or workspace dependency to use. This will be considered an error in future versions
warning: /mnt/weed/mount/wangzi-asus/wangzi/workspace/waylandcompositor/dway/dway-util/Cargo.toml: dependency (memory-stats) specified without providing a local path, Git repository, version, or workspace dependency to use. This will be considered an error in future versions
warning: /mnt/weed/mount/wangzi-asus/wangzi/workspace/waylandcompositor/dway/dway-util/Cargo.toml: dependency (rand) specified without providing a local path, Git repository, version, or workspace dependency to use. This will be considered an error in future versions
warning: /mnt/weed/mount/wangzi-asus/wangzi/workspace/waylandcompositor/dway/dway-util/Cargo.toml: dependency (uuid) specified without providing a local path, Git repository, version, or workspace dependency to use. This will be considered an error in future versions
warning: /mnt/weed/mount/wangzi-asus/wangzi/workspace/waylandcompositor/dway/dway-client-core/Cargo.toml: dependency (crossbeam-channel) specified without providing a local path, Git repository, version, or workspace dependency to use. This will be considered an error in future versions
warning: /mnt/weed/mount/wangzi-asus/wangzi/workspace/waylandcompositor/dway/dway-client-core/Cargo.toml: dependency (failure) specified without providing a local path, Git repository, version, or workspace dependency to use. This will be considered an error in future versions
warning: /mnt/weed/mount/wangzi-asus/wangzi/workspace/waylandcompositor/dway/dway-client-core/Cargo.toml: dependency (log) specified without providing a local path, Git repository, version, or workspace dependency to use. This will be considered an error in future versions
warning: /mnt/weed/mount/wangzi-asus/wangzi/workspace/waylandcompositor/dway/dway-client-core/Cargo.toml: dependency (lru) specified without providing a local path, Git repository, version, or workspace dependency to use. This will be considered an error in future versions
warning: /mnt/weed/mount/wangzi-asus/wangzi/workspace/waylandcompositor/dway/dway-client-core/Cargo.toml: dependency (rand) specified without providing a local path, Git repository, version, or workspace dependency to use. This will be considered an error in future versions
warning: /mnt/weed/mount/wangzi-asus/wangzi/workspace/waylandcompositor/dway/dway-client-core/Cargo.toml: dependency (serde) specified without providing a local path, Git repository, version, or workspace dependency to use. This will be considered an error in future versions
warning: /mnt/weed/mount/wangzi-asus/wangzi/workspace/waylandcompositor/dway/dway-client-core/Cargo.toml: dependency (uuid) specified without providing a local path, Git repository, version, or workspace dependency to use. This will be considered an error in future versions
warning: /mnt/weed/mount/wangzi-asus/wangzi/workspace/waylandcompositor/dway/dway-server/Cargo.toml: dependency (serde) specified without providing a local path, Git repository, version, or workspace dependency to use. This will be considered an error in future versions
warning: /mnt/weed/mount/wangzi-asus/wangzi/workspace/waylandcompositor/dway/dway-udev/Cargo.toml: dependency (chrono) specified without providing a local path, Git repository, version, or workspace dependency to use. This will be considered an error in future versions
warning: /mnt/weed/mount/wangzi-asus/wangzi/workspace/waylandcompositor/dway/dway-udev/Cargo.toml: dependency (crossbeam-channel) specified without providing a local path, Git repository, version, or workspace dependency to use. This will be considered an error in future versions
warning: /mnt/weed/mount/wangzi-asus/wangzi/workspace/waylandcompositor/dway/dway-udev/Cargo.toml: dependency (glow) specified without providing a local path, Git repository, version, or workspace dependency to use. This will be considered an error in future versions
warning: /mnt/weed/mount/wangzi-asus/wangzi/workspace/waylandcompositor/dway/dway-udev/Cargo.toml: dependency (khronos-egl) specified without providing a local path, Git repository, version, or workspace dependency to use. This will be considered an error in future versions
warning: /mnt/weed/mount/wangzi-asus/wangzi/workspace/waylandcompositor/dway/dway-udev/Cargo.toml: dependency (lru) specified without providing a local path, Git repository, version, or workspace dependency to use. This will be considered an error in future versions
warning: /mnt/weed/mount/wangzi-asus/wangzi/workspace/waylandcompositor/dway/dway-udev/Cargo.toml: dependency (rand) specified without providing a local path, Git repository, version, or workspace dependency to use. This will be considered an error in future versions
warning: /mnt/weed/mount/wangzi-asus/wangzi/workspace/waylandcompositor/dway/dway-udev/Cargo.toml: dependency (uuid) specified without providing a local path, Git repository, version, or workspace dependency to use. This will be considered an error in future versions
warning: /mnt/weed/mount/wangzi-asus/wangzi/workspace/waylandcompositor/dway/dway-ui/Cargo.toml: dependency (chrono) specified without providing a local path, Git repository, version, or workspace dependency to use. This will be considered an error in future versions
warning: /mnt/weed/mount/wangzi-asus/wangzi/workspace/waylandcompositor/dway/dway-ui/Cargo.toml: dependency (crossbeam-channel) specified without providing a local path, Git repository, version, or workspace dependency to use. This will be considered an error in future versions
warning: /mnt/weed/mount/wangzi-asus/wangzi/workspace/waylandcompositor/dway/dway-ui/Cargo.toml: dependency (failure) specified without providing a local path, Git repository, version, or workspace dependency to use. This will be considered an error in future versions
warning: /mnt/weed/mount/wangzi-asus/wangzi/workspace/waylandcompositor/dway/dway-ui/Cargo.toml: dependency (log) specified without providing a local path, Git repository, version, or workspace dependency to use. This will be considered an error in future versions
warning: /mnt/weed/mount/wangzi-asus/wangzi/workspace/waylandcompositor/dway/dway-ui/Cargo.toml: dependency (lru) specified without providing a local path, Git repository, version, or workspace dependency to use. This will be considered an error in future versions
warning: /mnt/weed/mount/wangzi-asus/wangzi/workspace/waylandcompositor/dway/dway-ui/Cargo.toml: dependency (rand) specified without providing a local path, Git repository, version, or workspace dependency to use. This will be considered an error in future versions
warning: /mnt/weed/mount/wangzi-asus/wangzi/workspace/waylandcompositor/dway/dway-ui/Cargo.toml: dependency (serde) specified without providing a local path, Git repository, version, or workspace dependency to use. This will be considered an error in future versions
warning: /mnt/weed/mount/wangzi-asus/wangzi/workspace/waylandcompositor/dway/dway-ui/Cargo.toml: dependency (uuid) specified without providing a local path, Git repository, version, or workspace dependency to use. This will be considered an error in future versions
error: no example target named `3d_scene`.
Available example targets:
    input
    mini

